Default float: float32
'sys.argvsys.argvsys.argv
hanoi
['/workspace/R-latplan/train_kltune.py', 'learn', 'hanoi', '4', '4', '5000', 'CubeSpaceAE_AMA4Conv', 'kltune', '--dataset_folder', 'hanoi_complete_clean_faultless_withoutTI', '--type', 'r_latplan']
{'mode': 'learn', 'disks': 4, 'towers': 4, 'num_examples': 5000, 'aeclass': 'CubeSpaceAE_AMA4Conv', 'comment': 'kltune', 'dataset_folder': 'hanoi_complete_clean_faultless_withoutTI', 'type': 'r_latplan'}
SAE PATH
hanoi_4_4_5000_CubeSpaceAE_AMA4Conv
(5000, 2, 4, 16, 3)
normalized shape: (4, 16, 3) (4, 16, 3)
LEN all_actions_unique
1469
len train_set
51102
dataset_aux_json_folder_base is r_latplan_datasets/hanoi
dataset_aux_json_folder_exp is r_latplan_datasets/hanoi/hanoi_complete_clean_faultless_withoutTI
exp_aux_json_folder is r_latplan_exps/hanoi/hanoi_complete_clean_faultless_withoutTI
LI1
r_latplan_exps/hanoi/aux.json
[1 0 0 ... 0 0 0]
1469
AAAAAAAAAAAA
1468
