Default float: float32
'sys.argvsys.argvsys.argv
hanoi
{'mode': 'learn', 'disks': 4, 'towers': 4, 'num_examples': 5000, 'aeclass': 'CubeSpaceAE_AMA4Conv', 'comment': 'kltune2', 'dataset_folder': 'hanoi_complete_clean_faultless'}
SAE PATH
hanoi_4_4_5000_CubeSpaceAE_AMA4Conv
(5000, 2, 4, 16, 3)
normalized shape: (4, 16, 3) (4, 16, 3)
pathpathpathpath
samples/hanoi_4_4_5000_CubeSpaceAE_AMA4Conv
OLAAAAAA
r_latplan_datasets/hanoi/aux.json
class precedence list:
  <class 'latplan.model.ConvolutionalConcreteDetNormalizedLogitAddBidirectionalTransitionAEPlus'>
  <class 'latplan.mixins.encoder_decoder.StridedConvolutionalMixin'>
  <class 'latplan.mixins.encoder_decoder.ConvolutionalMixin'>
  <class 'latplan.model.ConcreteDetNormalizedLogitAddBidirectionalTransitionAEPlus'>
  <class 'latplan.model.DetActionMixin'>
  <class 'latplan.model.NormalizedLogitAddBidirectionalMixin'>
  <class 'latplan.model.NormalizedLogitAddPreconditionMixin'>
  <class 'latplan.model.NormalizedLogitAddEffectMixin'>
  <class 'latplan.model.LogitEffectMixin'>
  <class 'latplan.model.BaseActionMixinAMA4Plus'>
  <class 'latplan.model.BidirectionalMixin'>
  <class 'latplan.model.PreconditionMixin'>
  <class 'latplan.model.EffectMixin'>
  <class 'latplan.model.BaseActionMixin'>
  <class 'latplan.model.TransitionWrapper'>
  <class 'latplan.model.StateAE'>
  <class 'latplan.mixins.latent.ConcreteLatentMixin'>
  <class 'latplan.model.EarlyStopMixin'>
  <class 'latplan.mixins.encoder_decoder.FullConnectedMixin'>
  <class 'latplan.mixins.encoder_decoder.EncoderDecoderMixin'>
  <class 'latplan.model.AE'>
  <class 'latplan.network.Network'>
  <class 'object'>
clearning tf session
cleared tf session
Building networks
building a convolutional encoder
pool per layer: 1 depth: 2 total pool: 1 H: 25 W: 70 dH: 0 dW: 0
<keras.layers.convolutional.Conv2D object at 0x7f896da112e0>
[0, 25, 70, 3] -> (0, 25, 70, 32) : <keras.layers.convolutional.Conv2D object at 0x7f896da112e0>
<keras.layers.normalization.BatchNormalization object at 0x7f896da114f0>
(0, 25, 70, 32) -> (0, 25, 70, 32) : <keras.layers.normalization.BatchNormalization object at 0x7f896da114f0>
<keras.layers.core.Dropout object at 0x7f896da11520>
(0, 25, 70, 32) -> (0, 25, 70, 32) : <keras.layers.core.Dropout object at 0x7f896da11520>
<keras.layers.convolutional.Conv2D object at 0x7f896da11730>
(0, 25, 70, 32) -> (0, 25, 70, 32) : <keras.layers.convolutional.Conv2D object at 0x7f896da11730>
<keras.layers.normalization.BatchNormalization object at 0x7f896da11a60>
(0, 25, 70, 32) -> (0, 25, 70, 32) : <keras.layers.normalization.BatchNormalization object at 0x7f896da11a60>
<keras.layers.core.Dropout object at 0x7f896da11b20>
(0, 25, 70, 32) -> (0, 25, 70, 32) : <keras.layers.core.Dropout object at 0x7f896da11b20>
latent space shape is (25, 70, 32) : 300 propositions in total
building a convolutional decoder
pool per layer: 1 depth: 2 total pool: 1 H: 25 W: 70 dH: 0 dW: 0
<keras.layers.core.Reshape object at 0x7f896da1a1f0>
[0, 25, 70, 32] -> (0, 25, 70, 32) : <keras.layers.core.Reshape object at 0x7f896da1a1f0>
<keras.layers.convolutional.Conv2DTranspose object at 0x7f896da1a280>
(0, 25, 70, 32) -> (0, 25, 70, 32) : <keras.layers.convolutional.Conv2DTranspose object at 0x7f896da1a280>
<keras.layers.normalization.BatchNormalization object at 0x7f896da1a490>
(0, 25, 70, 32) -> (0, 25, 70, 32) : <keras.layers.normalization.BatchNormalization object at 0x7f896da1a490>
<keras.layers.core.Dropout object at 0x7f896da1a4c0>
(0, 25, 70, 32) -> (0, 25, 70, 32) : <keras.layers.core.Dropout object at 0x7f896da1a4c0>
<keras.layers.convolutional.Conv2DTranspose object at 0x7f896da1a1c0>
(0, 25, 70, 32) -> (0, 25, 70, 3) : <keras.layers.convolutional.Conv2DTranspose object at 0x7f896da1a1c0>
Network built
Building auxiliary networks
Auxiliary network built
Compiling networks
there are 1 networks.
there are 1 optimizers.
there are 1 losses.
compiling <keras.engine.training.Model object at 0x7f8962198790> with <keras_radam.optimizers.RAdam object at 0x7f8961ccfbe0>, <function BaseActionMixinAMA4Plus._build_primary.<locals>.loss at 0x7f896219a700>.
Network compiled
Loading networks from r_latplan_datasets/hanoi/logs/hanoi/ (with failure allowed)
Exception 'epoch' during load(), ignored.
Saving the network to r_latplan_datasets/hanoi/logs/hanoi/
saving additional networks
Network saved
